internship_tasks/myarogya_mydoctor/build/app/outputs/mapping/release/mapping.txt
# compiler: R8
# compiler_version: 1.5.64
# min_api: 21
# pg_map_id: b186655
com.example.myarogya_mydoctor.MainActivity -> com.example.myarogya_mydoctor.MainActivity:
    void registerWith(io.flutter.plugin.common.PluginRegistry) -> a
...
io.grpc.okhttp.OkHttpClientTransport$3 -> f.c.o1.h$c:
    io.grpc.okhttp.OkHttpClientTransport this$0 -> c
io.grpc.okhttp.OkHttpClientTransport$4 -> f.c.o1.h$d:
    io.grpc.okhttp.AsyncSink val$asyncSink -> d
    io.grpc.okhttp.internal.framed.Variant val$variant -> e
    io.grpc.okhttp.OkHttpClientTransport this$0 -> f
    java.util.concurrent.CountDownLatch val$latch -> c
io.grpc.okhttp.OkHttpClientTransport$4$1 -> f.c.o1.h$d$a:
    long read(okio.Buffer,long) -> b
io.grpc.okhttp.OkHttpClientTransport$5 -> f.c.o1.h$e:
    io.grpc.okhttp.OkHttpClientTransport this$0 -> c
io.grpc.okhttp.OkHttpClientTransport$ClientFrameHandler -> f.c.o1.h$f:
    io.grpc.okhttp.internal.framed.FrameReader frameReader -> d
    boolean firstSettings -> e
    io.grpc.okhttp.OkHttpClientTransport this$0 -> f
    io.grpc.okhttp.OkHttpFrameLogger logger -> c
    void ackSettings() -> a
    void data(boolean,int,okio.BufferedSource,int) -> a
    void goAway(int,io.grpc.okhttp.internal.framed.ErrorCode,okio.ByteString) -> a
    int headerBlockSize(java.util.List) -> a
    void headers(boolean,boolean,int,int,java.util.List,io.grpc.okhttp.internal.framed.HeadersMode) -> a
    void ping(boolean,int,int) -> a
    void priority(int,int,int,boolean) -> a
    void pushPromise(int,int,java.util.List) -> a
    void rstStream(int,io.grpc.okhttp.internal.framed.ErrorCode) -> a
    void settings(boolean,io.grpc.okhttp.internal.framed.Settings) -> a
    void windowUpdate(int,long) -> a
io.grpc.okhttp.OkHttpFrameLogger -> f.c.o1.i:
    java.util.logging.Level level -> b
    java.util.logging.Logger logger -> a
    boolean isEnabled() -> a
    void logData(io.grpc.okhttp.OkHttpFrameLogger$Direction,int,okio.Buffer,int,boolean) -> a
    void logGoAway(io.grpc.okhttp.OkHttpFrameLogger$Direction,int,io.grpc.okhttp.internal.framed.ErrorCode,okio.ByteString) -> a
    void logHeaders(io.grpc.okhttp.OkHttpFrameLogger$Direction,int,java.util.List,boolean) -> a
    void logPing(io.grpc.okhttp.OkHttpFrameLogger$Direction,long) -> a
    void logPushPromise(io.grpc.okhttp.OkHttpFrameLogger$Direction,int,int,java.util.List) -> a
    void logRstStream(io.grpc.okhttp.OkHttpFrameLogger$Direction,int,io.grpc.okhttp.internal.framed.ErrorCode) -> a
    void logSettings(io.grpc.okhttp.OkHttpFrameLogger$Direction,io.grpc.okhttp.internal.framed.Settings) -> a
    void logSettingsAck(io.grpc.okhttp.OkHttpFrameLogger$Direction) -> a
    void logWindowsUpdate(io.grpc.okhttp.OkHttpFrameLogger$Direction,int,long) -> a
    java.lang.String toString(io.grpc.okhttp.internal.framed.Settings) -> a
    java.lang.String toString(okio.Buffer) -> a
    void logPingAck(io.grpc.okhttp.OkHttpFrameLogger$Direction,long) -> b
io.grpc.okhttp.OkHttpFrameLogger$Direction -> f.c.o1.i$a:
    io.grpc.okhttp.OkHttpFrameLogger$Direction OUTBOUND -> d
    io.grpc.okhttp.OkHttpFrameLogger$Direction INBOUND -> c
    io.grpc.okhttp.OkHttpFrameLogger$Direction[] $VALUES -> e
io.grpc.okhttp.OkHttpFrameLogger$SettingParams -> f.c.o1.i$b:
    io.grpc.okhttp.OkHttpFrameLogger$SettingParams MAX_CONCURRENT_STREAMS -> f
    io.grpc.okhttp.OkHttpFrameLogger$SettingParams MAX_FRAME_SIZE -> g
    io.grpc.okhttp.OkHttpFrameLogger$SettingParams MAX_HEADER_LIST_SIZE -> h
    io.grpc.okhttp.OkHttpFrameLogger$SettingParams INITIAL_WINDOW_SIZE -> i
    io.grpc.okhttp.OkHttpFrameLogger$SettingParams HEADER_TABLE_SIZE -> d
    io.grpc.okhttp.OkHttpFrameLogger$SettingParams ENABLE_PUSH -> e
    io.grpc.okhttp.OkHttpFrameLogger$SettingParams[] $VALUES -> j
    int bit -> c
    int getBit() -> a